<?xml version="1.0" encoding="UTF-8"?>
<!-- Generated by org.testng.reporters.JUnitXMLReporter -->
<testsuite ignored="0" hostname="DESKTOP-96549AB" failures="0" tests="3" name="Loan Module" time="32.604" errors="0" timestamp="2025-09-08T15:59:53 IST">
  <testcase classname="tests.LoanTests" name="approvePersonalLoanWithValidDetails" time="8.662"/>
  <testcase classname="tests.LoanTests" name="rejectHomeLoanWhenSalaryBelowThreshold" time="8.811"/>
  <testcase classname="tests.EmiTests" name="validateEmiFor12Months" time="0.003"/>
</testsuite> <!-- Loan Module -->
