<?xml version="1.0" encoding="UTF-8"?>
<!-- Generated by org.testng.reporters.JUnitXMLReporter -->
<testsuite ignored="0" hostname="DESKTOP-96549AB" failures="0" tests="5" name="Login Module" time="43.091" errors="0" timestamp="2025-09-08T15:59:07 IST">
  <testcase classname="tests.LoginTests" name="validateLogin" time="3.659"/>
  <testcase classname="tests.LoginTests" name="validateLogin" time="3.53"/>
  <testcase classname="tests.LoginTests" name="testInvalidUsernameValidPassword" time="2.47"/>
  <testcase classname="tests.LoginTests" name="testValidUsernameInvalidPassword" time="3.505"/>
  <testcase classname="tests.LoginTests" name="testEmptyCredentials" time="2.72"/>
</testsuite> <!-- Login Module -->
