<?xml version="1.0" encoding="UTF-8"?>
<testng-results ignored="0" total="10" passed="10" failed="0" skipped="0">
  <reporter-output>
  </reporter-output>
  <suite started-at="2025-09-08T15:58:24 IST" name="Banking Suite" finished-at="2025-09-08T16:00:06 IST" duration-ms="101822">
    <groups>
    </groups>
    <test started-at="2025-09-08T15:58:24 IST" name="Login Module" finished-at="2025-09-08T15:59:07 IST" duration-ms="43091">
      <class name="tests.LoginTests">
        <test-method is-config="true" signature="setUp(java.lang.String,org.testng.ITestContext)[pri:0, instance:tests.LoginTests@4e50c791]" started-at="2025-09-08T15:58:25 IST" name="setUp" finished-at="2025-09-08T15:58:32 IST" duration-ms="6313" status="PASS">
          <params>
            <param index="0">
              <value>
                <![CDATA[chrome]]>
              </value>
            </param>
            <param index="1">
              <value>
                <![CDATA[org.testng.TestRunner@284d4885]]>
              </value>
            </param>
          </params>
          <reporter-output>
          </reporter-output>
        </test-method> <!-- setUp -->
        <test-method signature="validateLogin(java.lang.String,java.lang.String,java.lang.String)[pri:1, instance:tests.LoginTests@4e50c791]" started-at="2025-09-08T15:58:32 IST" name="validateLogin" data-provider="loginData" finished-at="2025-09-08T15:58:35 IST" duration-ms="3659" status="PASS">
          <params>
            <param index="0">
              <value>
                <![CDATA[john]]>
              </value>
            </param>
            <param index="1">
              <value>
                <![CDATA[demo]]>
              </value>
            </param>
            <param index="2">
              <value>
                <![CDATA[Y]]>
              </value>
            </param>
          </params>
          <reporter-output>
          </reporter-output>
        </test-method> <!-- validateLogin -->
        <test-method is-config="true" signature="tearDown()[pri:0, instance:tests.LoginTests@4e50c791]" started-at="2025-09-08T15:58:35 IST" name="tearDown" finished-at="2025-09-08T15:58:37 IST" duration-ms="1874" status="PASS">
          <reporter-output>
          </reporter-output>
        </test-method> <!-- tearDown -->
        <test-method is-config="true" signature="setUp(java.lang.String,org.testng.ITestContext)[pri:0, instance:tests.LoginTests@4e50c791]" started-at="2025-09-08T15:58:37 IST" name="setUp" finished-at="2025-09-08T15:58:42 IST" duration-ms="4655" status="PASS">
          <params>
            <param index="0">
              <value>
                <![CDATA[chrome]]>
              </value>
            </param>
            <param index="1">
              <value>
                <![CDATA[org.testng.TestRunner@284d4885]]>
              </value>
            </param>
          </params>
          <reporter-output>
          </reporter-output>
        </test-method> <!-- setUp -->
        <test-method signature="validateLogin(java.lang.String,java.lang.String,java.lang.String)[pri:1, instance:tests.LoginTests@4e50c791]" started-at="2025-09-08T15:58:42 IST" name="validateLogin" data-provider="loginData" finished-at="2025-09-08T15:58:45 IST" duration-ms="3530" status="PASS">
          <params>
            <param index="0">
              <value>
                <![CDATA[john]]>
              </value>
            </param>
            <param index="1">
              <value>
                <![CDATA[wrong]]>
              </value>
            </param>
            <param index="2">
              <value>
                <![CDATA[N]]>
              </value>
            </param>
          </params>
          <reporter-output>
          </reporter-output>
        </test-method> <!-- validateLogin -->
        <test-method is-config="true" signature="tearDown()[pri:0, instance:tests.LoginTests@4e50c791]" started-at="2025-09-08T15:58:45 IST" name="tearDown" finished-at="2025-09-08T15:58:46 IST" duration-ms="318" status="PASS">
          <reporter-output>
          </reporter-output>
        </test-method> <!-- tearDown -->
        <test-method is-config="true" signature="setUp(java.lang.String,org.testng.ITestContext)[pri:0, instance:tests.LoginTests@4e50c791]" started-at="2025-09-08T15:58:46 IST" name="setUp" finished-at="2025-09-08T15:58:50 IST" duration-ms="4010" status="PASS">
          <params>
            <param index="0">
              <value>
                <![CDATA[chrome]]>
              </value>
            </param>
            <param index="1">
              <value>
                <![CDATA[org.testng.TestRunner@284d4885]]>
              </value>
            </param>
          </params>
          <reporter-output>
          </reporter-output>
        </test-method> <!-- setUp -->
        <test-method signature="testInvalidUsernameValidPassword()[pri:2, instance:tests.LoginTests@4e50c791]" started-at="2025-09-08T15:58:50 IST" name="testInvalidUsernameValidPassword" description="Login with invalid username and valid password" finished-at="2025-09-08T15:58:52 IST" duration-ms="2470" status="PASS">
          <reporter-output>
          </reporter-output>
        </test-method> <!-- testInvalidUsernameValidPassword -->
        <test-method is-config="true" signature="tearDown()[pri:0, instance:tests.LoginTests@4e50c791]" started-at="2025-09-08T15:58:52 IST" name="tearDown" finished-at="2025-09-08T15:58:52 IST" duration-ms="232" status="PASS">
          <reporter-output>
          </reporter-output>
        </test-method> <!-- tearDown -->
        <test-method is-config="true" signature="setUp(java.lang.String,org.testng.ITestContext)[pri:0, instance:tests.LoginTests@4e50c791]" started-at="2025-09-08T15:58:52 IST" name="setUp" finished-at="2025-09-08T15:58:56 IST" duration-ms="4169" status="PASS">
          <params>
            <param index="0">
              <value>
                <![CDATA[chrome]]>
              </value>
            </param>
            <param index="1">
              <value>
                <![CDATA[org.testng.TestRunner@284d4885]]>
              </value>
            </param>
          </params>
          <reporter-output>
          </reporter-output>
        </test-method> <!-- setUp -->
        <test-method signature="testValidUsernameInvalidPassword()[pri:3, instance:tests.LoginTests@4e50c791]" started-at="2025-09-08T15:58:56 IST" name="testValidUsernameInvalidPassword" description="Login with valid username and invalid password" finished-at="2025-09-08T15:59:00 IST" duration-ms="3505" status="PASS">
          <reporter-output>
          </reporter-output>
        </test-method> <!-- testValidUsernameInvalidPassword -->
        <test-method is-config="true" signature="tearDown()[pri:0, instance:tests.LoginTests@4e50c791]" started-at="2025-09-08T15:59:00 IST" name="tearDown" finished-at="2025-09-08T15:59:00 IST" duration-ms="264" status="PASS">
          <reporter-output>
          </reporter-output>
        </test-method> <!-- tearDown -->
        <test-method is-config="true" signature="setUp(java.lang.String,org.testng.ITestContext)[pri:0, instance:tests.LoginTests@4e50c791]" started-at="2025-09-08T15:59:00 IST" name="setUp" finished-at="2025-09-08T15:59:04 IST" duration-ms="3897" status="PASS">
          <params>
            <param index="0">
              <value>
                <![CDATA[chrome]]>
              </value>
            </param>
            <param index="1">
              <value>
                <![CDATA[org.testng.TestRunner@284d4885]]>
              </value>
            </param>
          </params>
          <reporter-output>
          </reporter-output>
        </test-method> <!-- setUp -->
        <test-method signature="testEmptyCredentials()[pri:4, instance:tests.LoginTests@4e50c791]" started-at="2025-09-08T15:59:04 IST" name="testEmptyCredentials" description="Login with empty credentials" finished-at="2025-09-08T15:59:07 IST" duration-ms="2720" status="PASS">
          <reporter-output>
          </reporter-output>
        </test-method> <!-- testEmptyCredentials -->
        <test-method is-config="true" signature="tearDown()[pri:0, instance:tests.LoginTests@4e50c791]" started-at="2025-09-08T15:59:07 IST" name="tearDown" finished-at="2025-09-08T15:59:07 IST" duration-ms="262" status="PASS">
          <reporter-output>
          </reporter-output>
        </test-method> <!-- tearDown -->
      </class> <!-- tests.LoginTests -->
    </test> <!-- Login Module -->
    <test started-at="2025-09-08T15:59:07 IST" name="Fund Transfer Module" finished-at="2025-09-08T15:59:20 IST" duration-ms="12773">
      <class name="tests.FundTransferTests">
        <test-method is-config="true" signature="setUp(java.lang.String,org.testng.ITestContext)[pri:0, instance:tests.FundTransferTests@78ffe6dc]" started-at="2025-09-08T15:59:07 IST" name="setUp" finished-at="2025-09-08T15:59:11 IST" duration-ms="4019" status="PASS">
          <params>
            <param index="0">
              <value>
                <![CDATA[chrome]]>
              </value>
            </param>
            <param index="1">
              <value>
                <![CDATA[org.testng.TestRunner@1201e064]]>
              </value>
            </param>
          </params>
          <reporter-output>
          </reporter-output>
        </test-method> <!-- setUp -->
        <test-method signature="transferFundsAndValidateSuccess()[pri:0, instance:tests.FundTransferTests@78ffe6dc]" started-at="2025-09-08T15:59:11 IST" name="transferFundsAndValidateSuccess" finished-at="2025-09-08T15:59:20 IST" duration-ms="8465" status="PASS">
          <reporter-output>
          </reporter-output>
        </test-method> <!-- transferFundsAndValidateSuccess -->
        <test-method is-config="true" signature="tearDown()[pri:0, instance:tests.FundTransferTests@78ffe6dc]" started-at="2025-09-08T15:59:20 IST" name="tearDown" finished-at="2025-09-08T15:59:20 IST" duration-ms="284" status="PASS">
          <reporter-output>
          </reporter-output>
        </test-method> <!-- tearDown -->
      </class> <!-- tests.FundTransferTests -->
    </test> <!-- Fund Transfer Module -->
    <test started-at="2025-09-08T15:59:20 IST" name="Loan Module" finished-at="2025-09-08T15:59:53 IST" duration-ms="32604">
      <class name="tests.EmiTests">
        <test-method is-config="true" signature="setUp(java.lang.String,org.testng.ITestContext)[pri:0, instance:tests.EmiTests@7e9131d5]" started-at="2025-09-08T15:59:48 IST" name="setUp" finished-at="2025-09-08T15:59:52 IST" duration-ms="3947" status="PASS">
          <params>
            <param index="0">
              <value>
                <![CDATA[chrome]]>
              </value>
            </param>
            <param index="1">
              <value>
                <![CDATA[org.testng.TestRunner@a69f9d]]>
              </value>
            </param>
          </params>
          <reporter-output>
          </reporter-output>
        </test-method> <!-- setUp -->
        <test-method signature="validateEmiFor12Months()[pri:0, instance:tests.EmiTests@7e9131d5]" started-at="2025-09-08T15:59:52 IST" name="validateEmiFor12Months" finished-at="2025-09-08T15:59:52 IST" duration-ms="3" status="PASS">
          <reporter-output>
          </reporter-output>
        </test-method> <!-- validateEmiFor12Months -->
        <test-method is-config="true" signature="tearDown()[pri:0, instance:tests.EmiTests@7e9131d5]" started-at="2025-09-08T15:59:52 IST" name="tearDown" finished-at="2025-09-08T15:59:53 IST" duration-ms="258" status="PASS">
          <reporter-output>
          </reporter-output>
        </test-method> <!-- tearDown -->
      </class> <!-- tests.EmiTests -->
      <class name="tests.LoanTests">
        <test-method is-config="true" signature="setUp(java.lang.String,org.testng.ITestContext)[pri:0, instance:tests.LoanTests@2cdd0d4b]" started-at="2025-09-08T15:59:20 IST" name="setUp" finished-at="2025-09-08T15:59:26 IST" duration-ms="5839" status="PASS">
          <params>
            <param index="0">
              <value>
                <![CDATA[chrome]]>
              </value>
            </param>
            <param index="1">
              <value>
                <![CDATA[org.testng.TestRunner@a69f9d]]>
              </value>
            </param>
          </params>
          <reporter-output>
          </reporter-output>
        </test-method> <!-- setUp -->
        <test-method signature="approvePersonalLoanWithValidDetails()[pri:0, instance:tests.LoanTests@2cdd0d4b]" started-at="2025-09-08T15:59:26 IST" name="approvePersonalLoanWithValidDetails" finished-at="2025-09-08T15:59:34 IST" duration-ms="8662" status="PASS">
          <reporter-output>
          </reporter-output>
        </test-method> <!-- approvePersonalLoanWithValidDetails -->
        <test-method is-config="true" signature="tearDown()[pri:0, instance:tests.LoanTests@2cdd0d4b]" started-at="2025-09-08T15:59:34 IST" name="tearDown" finished-at="2025-09-08T15:59:35 IST" duration-ms="330" status="PASS">
          <reporter-output>
          </reporter-output>
        </test-method> <!-- tearDown -->
        <test-method is-config="true" signature="setUp(java.lang.String,org.testng.ITestContext)[pri:0, instance:tests.LoanTests@2cdd0d4b]" started-at="2025-09-08T15:59:35 IST" name="setUp" finished-at="2025-09-08T15:59:39 IST" duration-ms="4197" status="PASS">
          <params>
            <param index="0">
              <value>
                <![CDATA[chrome]]>
              </value>
            </param>
            <param index="1">
              <value>
                <![CDATA[org.testng.TestRunner@a69f9d]]>
              </value>
            </param>
          </params>
          <reporter-output>
          </reporter-output>
        </test-method> <!-- setUp -->
        <test-method signature="rejectHomeLoanWhenSalaryBelowThreshold()[pri:0, instance:tests.LoanTests@2cdd0d4b]" started-at="2025-09-08T15:59:39 IST" name="rejectHomeLoanWhenSalaryBelowThreshold" finished-at="2025-09-08T15:59:48 IST" duration-ms="8811" status="PASS">
          <reporter-output>
          </reporter-output>
        </test-method> <!-- rejectHomeLoanWhenSalaryBelowThreshold -->
        <test-method is-config="true" signature="tearDown()[pri:0, instance:tests.LoanTests@2cdd0d4b]" started-at="2025-09-08T15:59:48 IST" name="tearDown" finished-at="2025-09-08T15:59:48 IST" duration-ms="543" status="PASS">
          <reporter-output>
          </reporter-output>
        </test-method> <!-- tearDown -->
      </class> <!-- tests.LoanTests -->
    </test> <!-- Loan Module -->
    <test started-at="2025-09-08T15:59:53 IST" name="Transaction History Module" finished-at="2025-09-08T16:00:06 IST" duration-ms="13295">
      <class name="tests.TransactionHistoryTests">
        <test-method is-config="true" signature="setUp(java.lang.String,org.testng.ITestContext)[pri:0, instance:tests.TransactionHistoryTests@44a7bfbc]" started-at="2025-09-08T15:59:53 IST" name="setUp" finished-at="2025-09-08T15:59:57 IST" duration-ms="4855" status="PASS">
          <params>
            <param index="0">
              <value>
                <![CDATA[chrome]]>
              </value>
            </param>
            <param index="1">
              <value>
                <![CDATA[org.testng.TestRunner@5a8dcfbb]]>
              </value>
            </param>
          </params>
          <reporter-output>
          </reporter-output>
        </test-method> <!-- setUp -->
        <test-method signature="verifyTransactionHistoryShowsEntries()[pri:0, instance:tests.TransactionHistoryTests@44a7bfbc]" started-at="2025-09-08T15:59:57 IST" name="verifyTransactionHistoryShowsEntries" finished-at="2025-09-08T16:00:06 IST" duration-ms="8118" status="PASS">
          <reporter-output>
          </reporter-output>
        </test-method> <!-- verifyTransactionHistoryShowsEntries -->
        <test-method is-config="true" signature="tearDown()[pri:0, instance:tests.TransactionHistoryTests@44a7bfbc]" started-at="2025-09-08T16:00:06 IST" name="tearDown" finished-at="2025-09-08T16:00:06 IST" duration-ms="314" status="PASS">
          <reporter-output>
          </reporter-output>
        </test-method> <!-- tearDown -->
      </class> <!-- tests.TransactionHistoryTests -->
    </test> <!-- Transaction History Module -->
  </suite> <!-- Banking Suite -->
</testng-results>
